<?xml version="1.0" encoding="UTF-8"?>
<!-- Generated by org.testng.reporters.JUnitReportReporter -->
<testsuite hostname="vnvpc130" name="ReleaseBuilder.CreateReleaseVerification" tests="1" failures="0" timestamp="2 May 2012 07:59:29 GMT" time="25.678" errors="0">
  <testcase name="userLogin" time="25.678" classname="ReleaseBuilder.CreateReleaseVerification"/>
</testsuite>
