<?xml version="1.0" encoding="UTF-8"?>
<!-- Generated by org.testng.reporters.JUnitReportReporter -->
<testsuite hostname="vnvpc130" name="CopyRelease.CopyRelease" tests="1" failures="0" timestamp="15 May 2012 12:27:23 GMT" time="158.215" errors="0">
  <testcase name="userLogin" time="158.215" classname="CopyRelease.CopyRelease"/>
</testsuite>
