<?xml version="1.0" encoding="UTF-8"?>
<!-- Generated by org.testng.reporters.JUnitReportReporter -->
<testsuite hostname="vnvpc130" name="RB_ArtistCatalogue.Grid_DeleteArtistTest" tests="1" failures="0" timestamp="4 Jul 2012 06:00:21 GMT" time="93.766" errors="0">
  <testcase name="testGoogleSearch" time="93.766" classname="RB_ArtistCatalogue.Grid_DeleteArtistTest"/>
</testsuite>
