<?xml version="1.0" encoding="UTF-8"?>
<!-- Generated by org.testng.reporters.JUnitReportReporter -->
<testsuite hostname="vnvpc130" name="Test_excelData.ExcelDataDriveTest_02" tests="1" failures="0" timestamp="8 Jun 2012 09:40:15 GMT" time="0.813" errors="0">
  <testcase name="addMultipleComplexProducts" time="0.813" classname="Test_excelData.ExcelDataDriveTest_02"/>
</testsuite>
