<?xml version="1.0" encoding="UTF-8"?>
<!-- Generated by org.testng.reporters.JUnitReportReporter -->
<testsuite hostname="vnvpc130" name="AutoIt.AutoItTe" tests="1" failures="0" timestamp="11 Jun 2012 13:43:12 GMT" time="375.888" errors="0">
  <testcase name="userLogin" time="375.888" classname="AutoIt.AutoItTe"/>
</testsuite>
