<?xml version="1.0" encoding="UTF-8"?>
<!-- Generated by org.testng.reporters.JUnitReportReporter -->
<testsuite hostname="vnvpc130" name="RB_Tracks.Grid_EditTrack" tests="1" failures="0" timestamp="6 Jul 2012 11:51:34 GMT" time="134.889" errors="0">
  <testcase name="testGoogleSearch" time="134.889" classname="RB_Tracks.Grid_EditTrack"/>
</testsuite>
