<?xml version="1.0" encoding="UTF-8"?>
<!-- Generated by org.testng.reporters.JUnitReportReporter -->
<testsuite hostname="vnvpc130" name="Test_excelData.Login" tests="1" failures="0" timestamp="8 Jun 2012 06:54:54 GMT" time="2.421" errors="0">
  <testcase name="userLogin" time="2.421" classname="Test_excelData.Login"/>
</testsuite>
