<?xml version="1.0" encoding="UTF-8"?>
<!-- Generated by org.testng.reporters.JUnitReportReporter -->
<testsuite hostname="vnvpc130" name="Tracks.DeleteTrack" tests="1" failures="0" timestamp="14 May 2012 07:18:32 GMT" time="143.765" errors="0">
  <testcase name="userLogin" time="143.765" classname="Tracks.DeleteTrack"/>
</testsuite>
