<?xml version="1.0" encoding="UTF-8"?>
<!-- Generated by org.testng.reporters.JUnitReportReporter -->
<testsuite hostname="vnvpc130" name="SeleniumServer.StartSeleniumServer" tests="1" failures="0" timestamp="11 Jun 2012 08:58:07 GMT" time="0.062" errors="0">
  <testcase name="seleniumserver" time="0.062" classname="SeleniumServer.StartSeleniumServer"/>
</testsuite> <!-- SeleniumServer.StartSeleniumServer -->
