<?xml version="1.0" encoding="UTF-8"?>
<!-- Generated by org.testng.reporters.JUnitReportReporter -->
<testsuite hostname="vnvpc130" name="ArtistCatalogue.EditArtist" tests="1" failures="0" timestamp="15 May 2012 14:20:59 GMT" time="70.340" errors="0">
  <testcase name="userLogin" time="70.340" classname="ArtistCatalogue.EditArtist"/>
</testsuite>
