<?xml version="1.0" encoding="UTF-8"?>
<!-- Generated by org.testng.reporters.JUnitReportReporter -->
<testsuite hostname="vnvpc130" name="TestLogin.Login" tests="1" failures="0" timestamp="6 Jun 2012 09:18:28 GMT" time="2.664" errors="0">
  <testcase name="userLogin" time="2.664" classname="TestLogin.Login"/>
</testsuite>
