<?xml version="1.0" encoding="UTF-8"?>
<!-- Generated by org.testng.reporters.JUnitReportReporter -->
<testsuite hostname="vnvpc130" name="OA_Market_Place.OAMarketPlace" tests="1" failures="0" timestamp="4 Jun 2012 04:47:51 GMT" time="2.831" errors="0">
  <testcase name="userLogin" time="2.831" classname="OA_Market_Place.OAMarketPlace"/>
</testsuite>
