<?xml version="1.0" encoding="UTF-8"?>
<!-- Generated by org.testng.reporters.JUnitReportReporter -->
<testsuite hostname="vnvpc130" name="ALW_Market_Place.ALWMarketPlace" tests="1" failures="0" timestamp="4 Jun 2012 04:44:49 GMT" time="2.180" errors="0">
  <testcase name="userLogin" time="2.180" classname="ALW_Market_Place.ALWMarketPlace"/>
</testsuite>
