<?xml version="1.0" encoding="UTF-8"?>
<!-- Generated by org.testng.reporters.JUnitReportReporter -->
<testsuite hostname="vnvpc130" name="IT_YouTube.Grid_EditContracts" tests="1" failures="0" timestamp="2 Jul 2012 09:55:12 GMT" time="601.645" errors="0">
  <testcase name="testGoogleSearch" time="601.645" classname="IT_YouTube.Grid_EditContracts"/>
</testsuite>
