<?xml version="1.0" encoding="UTF-8"?>
<!-- Generated by org.testng.reporters.JUnitReportReporter -->
<testsuite hostname="vnvpc130" name="TestCases.Login" tests="1" failures="0" timestamp="30 Apr 2012 09:51:45 GMT" time="4.563" errors="0">
  <testcase name="userLogin" time="4.563" classname="TestCases.Login"/>
</testsuite>
