<?xml version="1.0" encoding="UTF-8"?>
<!-- Generated by org.testng.reporters.JUnitReportReporter -->
<testsuite hostname="vnvpc130" name="RB_Release.Grid_Login" tests="1" failures="0" timestamp="26 Jun 2012 14:13:35 GMT" time="48.605" errors="0">
  <testcase name="testGoogleSearch" time="48.605" classname="RB_Release.Grid_Login"/>
</testsuite>
