<?xml version="1.0" encoding="UTF-8"?>
<!-- Generated by org.testng.reporters.JUnitReportReporter -->
<testsuite hostname="vnvpc130" name="RB_ArtistCatalogue.Grid_AddArtist" tests="2" failures="0" timestamp="6 Jul 2012 11:51:34 GMT" time="487.006" errors="0">
  <testcase name="testGoogleSearch" time="243.297" classname="RB_ArtistCatalogue.Grid_AddArtist"/>
  <testcase name="testGoogleSearch" time="243.709" classname="RB_ArtistCatalogue.Grid_AddArtist"/>
</testsuite>
