<?xml version="1.0" encoding="UTF-8"?>
<!-- Generated by org.testng.reporters.JUnitReportReporter -->
<testsuite hostname="vnvpc130" name="com.qaselenium.SeleniumSeverStart_Test" tests="1" failures="0" timestamp="15 Jun 2012 09:37:53 GMT" time="0.016" errors="0">
  <testcase name="Stopseleniumserver" time="0.016" classname="com.qaselenium.SeleniumSeverStart_Test"/>
</testsuite>
