<?xml version="1.0" encoding="UTF-8"?>
<!-- Generated by org.testng.reporters.JUnitReportReporter -->
<testsuite hostname="vnvpc130" name="RB_Release.EditRelease" tests="1" failures="0" timestamp="26 Jun 2012 10:14:26 GMT" time="102.950" errors="0">
  <testcase name="userLogin" time="102.950" classname="RB_Release.EditRelease"/>
</testsuite>
