<?xml version="1.0" encoding="UTF-8"?>
<!-- Generated by org.testng.reporters.JUnitReportReporter -->
<testsuite hostname="vnvpc130" name="Login.Grid_LoginVerificationUpdate" tests="1" failures="0" timestamp="26 Jun 2012 13:39:21 GMT" time="49.199" errors="0">
  <testcase name="testGoogleSearch" time="49.199" classname="Login.Grid_LoginVerificationUpdate"/>
</testsuite>
