<?xml version="1.0" encoding="UTF-8"?>
<!-- Generated by org.testng.reporters.JUnitReportReporter -->
<testsuite hostname="vnvpc130" name="testSuite.SendMail_Testeg" tests="1" failures="0" timestamp="24 Jul 2012 07:19:05 GMT" time="9.828" errors="0">
  <testcase name="sendMail" time="9.828" classname="testSuite.SendMail_Testeg"/>
</testsuite>
