<?xml version="1.0" encoding="UTF-8"?>
<!-- Generated by org.testng.reporters.JUnitReportReporter -->
<testsuite hostname="vnvpc130" name="FilmRelease.CreateFilmRelease" tests="1" failures="0" timestamp="23 May 2012 12:40:59 GMT" time="79.291" errors="0">
  <testcase name="userLogin" time="79.291" classname="FilmRelease.CreateFilmRelease"/>
</testsuite>
