<?xml version="1.0" encoding="UTF-8"?>
<!-- Generated by org.testng.reporters.JUnitReportReporter -->
<testsuite hostname="vnvpc130" name="DEV_Market_Place.DEVMarketPlace" tests="1" failures="0" timestamp="4 Jun 2012 04:46:33 GMT" time="2.454" errors="0">
  <testcase name="userLogin" time="2.454" classname="DEV_Market_Place.DEVMarketPlace"/>
</testsuite>
