<?xml version="1.0" encoding="UTF-8"?>
<!-- Generated by org.testng.reporters.JUnitReportReporter -->
<testsuite hostname="vnvpc130" name="RB_ArtistCatalogue.EditArtist" tests="1" failures="0" timestamp="14 Jun 2012 12:52:56 GMT" time="65.402" errors="0">
  <testcase name="userLogin" time="65.402" classname="RB_ArtistCatalogue.EditArtist"/>
</testsuite>
