<?xml version="1.0" encoding="UTF-8"?>
<!-- Generated by org.testng.reporters.JUnitReportReporter -->
<testsuite hostname="vnvpc130" name="IT_Edit_Release.Grid_Edit_Release" tests="1" failures="0" timestamp="2 Jul 2012 09:55:12 GMT" time="4510.097" errors="0">
  <testcase name="testGoogleSearch" time="4510.097" classname="IT_Edit_Release.Grid_Edit_Release"/>
</testsuite>
