<?xml version="1.0" encoding="UTF-8"?>
<!-- Generated by org.testng.reporters.JUnitReportReporter -->
<testsuite hostname="vnvpc130" name="ReleaseBuilder.DeleteRelease" tests="1" failures="0" timestamp="2 May 2012 10:14:49 GMT" time="80.435" errors="0">
  <testcase name="userLogin" time="80.435" classname="ReleaseBuilder.DeleteRelease"/>
</testsuite>
