<?xml version="1.0" encoding="UTF-8"?>
<!-- Generated by org.testng.reporters.JUnitReportReporter -->
<testsuite hostname="vnvpc130" name="IT_Edit_Release.Edit_Release" tests="1" failures="0" timestamp="14 Jun 2012 12:18:59 GMT" time="92.125" errors="0">
  <testcase name="userLogin" time="92.125" classname="IT_Edit_Release.Edit_Release"/>
</testsuite>
