<?xml version="1.0" encoding="UTF-8"?>
<!-- Generated by org.testng.reporters.JUnitReportReporter -->
<testsuite hostname="vnvpc130" name="com.qaselenium.CopyOfNewTest" tests="6" failures="0" timestamp="26 Jun 2012 13:02:22 GMT" time="105.930" errors="0">
  <testcase name="testGoogleSearch" time="18.801" classname="com.qaselenium.CopyOfNewTest"/>
  <testcase name="testGoogleSearch" time="15.613" classname="com.qaselenium.CopyOfNewTest"/>
  <testcase name="testGoogleSearch" time="15.784" classname="com.qaselenium.CopyOfNewTest"/>
  <testcase name="testGoogleSearch" time="19.442" classname="com.qaselenium.CopyOfNewTest"/>
  <testcase name="testGoogleSearch" time="18.458" classname="com.qaselenium.CopyOfNewTest"/>
  <testcase name="testGoogleSearch" time="17.832" classname="com.qaselenium.CopyOfNewTest"/>
</testsuite>
