<?xml version="1.0" encoding="UTF-8"?>
<!-- Generated by org.testng.reporters.JUnitReportReporter -->
<testsuite hostname="vnvpc130" name="ArtistCatalogue.AddArtist" tests="1" failures="0" timestamp="15 May 2012 14:06:29 GMT" time="102.607" errors="0">
  <testcase name="userLogin" time="102.607" classname="ArtistCatalogue.AddArtist"/>
</testsuite>
