<?xml version="1.0" encoding="UTF-8"?>
<!-- Generated by org.testng.reporters.JUnitReportReporter -->
<testsuite hostname="vnvpc130" name="com.qaselenium.StopSeleniumServer" tests="1" failures="0" timestamp="24 Jul 2012 13:49:04 GMT" time="0.093" errors="0">
  <testcase name="Stopseleniumserver" time="0.093" classname="com.qaselenium.StopSeleniumServer"/>
</testsuite> <!-- com.qaselenium.StopSeleniumServer -->
