<?xml version="1.0" encoding="UTF-8"?>
<!-- Generated by org.testng.reporters.JUnitReportReporter -->
<testsuite hostname="vnvpc130" name="Flash.FlashButton_02" tests="1" failures="0" timestamp="5 Jun 2012 14:46:45 GMT" time="114.744" errors="0">
  <testcase name="userLogin" time="114.744" classname="Flash.FlashButton_02"/>
</testsuite>
