<?xml version="1.0" encoding="UTF-8"?>
<!-- Generated by org.testng.reporters.JUnitReportReporter -->
<testsuite hostname="vnvpc130" name="RB_ArtistCatalogue.Grid_DeleteArtist" tests="1" failures="0" timestamp="6 Jul 2012 11:51:34 GMT" time="149.898" errors="0">
  <testcase name="testGoogleSearch" time="149.898" classname="RB_ArtistCatalogue.Grid_DeleteArtist"/>
</testsuite>
