<?xml version="1.0" encoding="UTF-8"?>
<!-- Generated by org.testng.reporters.JUnitReportReporter -->
<testsuite hostname="vnvpc130" name="Login.Grid_LoginVerification" tests="1" failures="0" timestamp="2 Jul 2012 17:09:55 GMT" time="48.872" errors="0">
  <testcase name="testGoogleSearch" time="48.872" classname="Login.Grid_LoginVerification"/>
</testsuite>
