<?xml version="1.0" encoding="UTF-8"?>
<!-- Generated by org.testng.reporters.JUnitReportReporter -->
<testsuite hostname="vnvpc130" name="SeleniumServer.StopSeleniumServer" tests="1" failures="0" timestamp="27 Jul 2012 07:24:02 GMT" time="0.047" errors="0">
  <testcase name="Stopseleniumserver" time="0.047" classname="SeleniumServer.StopSeleniumServer"/>
</testsuite> <!-- SeleniumServer.StopSeleniumServer -->
