<?xml version="1.0" encoding="UTF-8"?>
<!-- Generated by org.testng.reporters.JUnitReportReporter -->
<testsuite hostname="vnvpc130" name="SeleniumServer.ExcelDataDriveTest_01" tests="1" failures="0" timestamp="13 Jun 2012 04:53:39 GMT" time="0.078" errors="0">
  <testcase name="Stopseleniumserver" time="0.078" classname="SeleniumServer.ExcelDataDriveTest_01"/>
</testsuite> <!-- SeleniumServer.ExcelDataDriveTest_01 -->
