<?xml version="1.0" encoding="UTF-8"?>
<!-- Generated by org.testng.reporters.JUnitReportReporter -->
<testsuite hostname="vnvpc130" name="Market_Place_ALW.ALWMarketPlace" tests="1" failures="0" timestamp="6 Jun 2012 07:27:55 GMT" time="202.536" errors="0">
  <testcase name="userLogin" time="202.536" classname="Market_Place_ALW.ALWMarketPlace"/>
</testsuite>
