<?xml version="1.0" encoding="UTF-8"?>
<!-- Generated by org.testng.reporters.JUnitReportReporter -->
<testsuite hostname="vnvpc130" name="RB_Release.DeleteRelease" tests="1" failures="1" timestamp="26 Jun 2012 15:32:31 GMT" time="0.000" errors="0">
  <testcase name="userLogin" time="0.000" classname="RB_Release.DeleteRelease">
    <failure type="java.lang.RuntimeException" message="Could not start Selenium session: ERROR: Could not find any remote control providing the &#039;*firefox&#039; environment. Please make sure you started some remote controls which registered as offering this environment.">
      <![CDATA[java.lang.RuntimeException: Could not start Selenium session: ERROR: Could not find any remote control providing the '*firefox' environment. Please make sure you started some remote controls which registered as offering this environment.
	at com.thoughtworks.selenium.DefaultSelenium.start(DefaultSelenium.java:107)
	at FunctionLibrary.Common.CsetUp(Common.java:381)
	at RB_Release.DeleteRelease.loginUser(DeleteRelease.java:14)
	at sun.reflect.NativeMethodAccessorImpl.invoke0(Native Method)
	at sun.reflect.NativeMethodAccessorImpl.invoke(Unknown Source)
	at sun.reflect.DelegatingMethodAccessorImpl.invoke(Unknown Source)
	at java.lang.reflect.Method.invoke(Unknown Source)
	at org.testng.internal.MethodInvocationHelper.invokeMethod(MethodInvocationHelper.java:76)
	at org.testng.internal.Invoker.invokeConfigurationMethod(Invoker.java:525)
	at org.testng.internal.Invoker.invokeConfigurations(Invoker.java:202)
	at org.testng.internal.Invoker.invokeConfigurations(Invoker.java:130)
	at org.testng.internal.TestMethodWorker.invokeBeforeClassMethods(TestMethodWorker.java:173)
	at org.testng.internal.TestMethodWorker.run(TestMethodWorker.java:105)
	at org.testng.TestRunner.runWorkers(TestRunner.java:1147)
	at org.testng.TestRunner.privateRun(TestRunner.java:749)
	at org.testng.TestRunner.run(TestRunner.java:600)
	at org.testng.SuiteRunner.runTest(SuiteRunner.java:317)
	at org.testng.SuiteRunner.access$000(SuiteRunner.java:34)
	at org.testng.SuiteRunner$SuiteWorker.run(SuiteRunner.java:351)
	at org.testng.internal.thread.ThreadUtil$CountDownLatchedRunnable.run(ThreadUtil.java:147)
	at java.util.concurrent.ThreadPoolExecutor.runWorker(Unknown Source)
	at java.util.concurrent.ThreadPoolExecutor$Worker.run(Unknown Source)
	at java.lang.Thread.run(Unknown Source)
Caused by: com.thoughtworks.selenium.SeleniumException: ERROR: Could not find any remote control providing the '*firefox' environment. Please make sure you started some remote controls which registered as offering this environment.
	at com.thoughtworks.selenium.HttpCommandProcessor.throwAssertionFailureExceptionOrError(HttpCommandProcessor.java:112)
	at com.thoughtworks.selenium.HttpCommandProcessor.doCommand(HttpCommandProcessor.java:106)
	at com.thoughtworks.selenium.HttpCommandProcessor.getString(HttpCommandProcessor.java:275)
	at com.thoughtworks.selenium.HttpCommandProcessor.start(HttpCommandProcessor.java:237)
	at com.thoughtworks.selenium.DefaultSelenium.start(DefaultSelenium.java:98)
	... 22 more
]]>
    </failure>
  </testcase>
</testsuite>
