<?xml version="1.0" encoding="UTF-8"?>
<!-- Generated by org.testng.reporters.JUnitReportReporter -->
<testsuite hostname="vnvpc130" name="RB_ArtistCatalogue.DeleteArtist" tests="1" failures="0" timestamp="14 Jun 2012 12:47:49 GMT" time="63.529" errors="0">
  <testcase name="userLogin" time="63.529" classname="RB_ArtistCatalogue.DeleteArtist"/>
</testsuite>
