<?xml version="1.0" encoding="UTF-8"?>
<!-- Generated by org.testng.reporters.JUnitReportReporter -->
<testsuite hostname="vnvpc130" name="RB_ArtistCatalogue.AddArtist" tests="1" failures="0" timestamp="14 Jun 2012 12:44:58 GMT" time="111.120" errors="0">
  <testcase name="userLogin" time="111.120" classname="RB_ArtistCatalogue.AddArtist"/>
</testsuite>
