<?xml version="1.0" encoding="UTF-8"?>
<!-- Generated by org.testng.reporters.JUnitReportReporter -->
<testsuite hostname="vnvpc130" name="YouTube.EditContracts" tests="1" failures="0" timestamp="21 May 2012 09:46:39 GMT" time="630.348" errors="0">
  <testcase name="userLogin" time="630.348" classname="YouTube.EditContracts"/>
</testsuite>
