<?xml version="1.0" encoding="UTF-8"?>
<!-- Generated by org.testng.reporters.JUnitReportReporter -->
<testsuite hostname="vnvpc130" name="RB_ArtistCatalogue.Grid_EditArtist" tests="1" failures="0" timestamp="6 Jul 2012 05:52:10 GMT" time="140.566" errors="0">
  <testcase name="testGoogleSearch" time="140.566" classname="RB_ArtistCatalogue.Grid_EditArtist"/>
</testsuite>
