<?xml version="1.0" encoding="UTF-8"?>
<!-- Generated by org.testng.reporters.JUnitReportReporter -->
<testsuite hostname="vnvpc130" name="YOU_TUBE_Market_Place.YOUTUBEMarketPlace" tests="1" failures="0" timestamp="4 Jun 2012 04:48:47 GMT" time="2.139" errors="0">
  <testcase name="userLogin" time="2.139" classname="YOU_TUBE_Market_Place.YOUTUBEMarketPlace"/>
</testsuite>
