<?xml version="1.0" encoding="UTF-8"?>
<!-- Generated by org.testng.reporters.JUnitReportReporter -->
<testsuite hostname="vnvpc130" name="iT_Edit_Ex_Release.Grid_EditExRelease" tests="1" failures="0" timestamp="5 Jul 2012 11:23:54 GMT" time="267.346" errors="0">
  <testcase name="testGoogleSearch" time="267.346" classname="iT_Edit_Ex_Release.Grid_EditExRelease"/>
</testsuite>
