<?xml version="1.0" encoding="UTF-8"?>
<!-- Generated by org.testng.reporters.JUnitReportReporter -->
<testsuite hostname="vnvpc130" name="com.qaselenium.StartSeleniumHub" tests="1" failures="0" timestamp="6 Jul 2012 13:48:02 GMT" time="27.859" errors="0">
  <testcase name="seleniumserver" time="27.859" classname="com.qaselenium.StartSeleniumHub"/>
</testsuite>
