<?xml version="1.0" encoding="UTF-8"?>
<!-- Generated by org.testng.reporters.JUnitReportReporter -->
<testsuite hostname="vnvpc130" name="Login.LoginVerification" tests="1" failures="0" timestamp="14 Jun 2012 05:27:31 GMT" time="5.266" errors="0">
  <testcase name="userLogin" time="5.266" classname="Login.LoginVerification"/>
</testsuite>
